0 info it worked if it ends with ok
1 verbose cli [ 'node', '/usr/local/bin/npm', 'install', 'materialize-css' ]
2 info using npm@2.5.1
3 info using node@v0.12.0
4 silly cache add args [ 'materialize-css', null ]
5 verbose cache add spec materialize-css
6 silly cache add parsed spec { raw: 'materialize-css',
6 silly cache add   scope: null,
6 silly cache add   name: 'materialize-css',
6 silly cache add   rawSpec: '',
6 silly cache add   spec: '*',
6 silly cache add   type: 'range' }
7 verbose addNamed materialize-css@*
8 silly addNamed semver.valid null
9 silly addNamed semver.validRange *
10 silly addNameRange { name: 'materialize-css', range: '*', hasData: false }
11 silly mapToRegistry name materialize-css
12 silly mapToRegistry using default registry
13 silly mapToRegistry registry https://registry.npmjs.org/
14 silly mapToRegistry uri https://registry.npmjs.org/materialize-css
15 verbose addNameRange registry:https://registry.npmjs.org/materialize-css not in flight; fetching
16 verbose request uri https://registry.npmjs.org/materialize-css
17 verbose request no auth needed
18 info attempt registry request try #1 at 8:06:00 PM
19 verbose request id c3ae36d0bfd7f2d7
20 verbose etag "D6VS6ZE62LTAA2ET1O6L6NXHS"
21 http request GET https://registry.npmjs.org/materialize-css
22 http 304 https://registry.npmjs.org/materialize-css
23 silly get cb [ 304,
23 silly get   { date: 'Tue, 25 Aug 2015 01:06:01 GMT',
23 silly get     via: '1.1 varnish',
23 silly get     'cache-control': 'max-age=60',
23 silly get     etag: '"D6VS6ZE62LTAA2ET1O6L6NXHS"',
23 silly get     age: '0',
23 silly get     connection: 'keep-alive',
23 silly get     'x-served-by': 'cache-iad2146-IAD',
23 silly get     'x-cache': 'MISS',
23 silly get     'x-cache-hits': '0',
23 silly get     'x-timer': 'S1440464761.308717,VS0,VE17',
23 silly get     vary: 'Accept' } ]
24 verbose etag https://registry.npmjs.org/materialize-css from cache
25 verbose get saving materialize-css to /Users/mac/.npm/registry.npmjs.org/materialize-css/.cache.json
26 silly addNameRange number 2 { name: 'materialize-css', range: '*', hasData: true }
27 silly addNameRange versions [ 'materialize-css', [ '0.95.3', '0.96.1' ] ]
28 verbose addNamed materialize-css@0.96.1
29 silly addNamed semver.valid 0.96.1
30 silly addNamed semver.validRange 0.96.1
31 silly cache afterAdd materialize-css@0.96.1
32 verbose afterAdd /Users/mac/.npm/materialize-css/0.96.1/package/package.json not in flight; writing
33 verbose afterAdd /Users/mac/.npm/materialize-css/0.96.1/package/package.json written
34 silly install resolved [ { name: 'materialize-css',
34 silly install resolved     description: 'Builds Materialize distribution packages',
34 silly install resolved     author: { name: 'Alvin Wang, Alan Chang' },
34 silly install resolved     url: 'http://materializecss.com/',
34 silly install resolved     version: '0.96.1',
34 silly install resolved     repository: { type: 'git', url: 'git://github.com/Dogfalo/materialize.git' },
34 silly install resolved     dependencies: {},
34 silly install resolved     engine: 'node >= 0.10',
34 silly install resolved     devDependencies:
34 silly install resolved      { 'node-sass': '^2.1.1',
34 silly install resolved        grunt: '^0.4.5',
34 silly install resolved        'grunt-banner': '^0.3.0',
34 silly install resolved        'grunt-contrib-clean': '0.5.x',
34 silly install resolved        'grunt-contrib-connect': '^0.4.2',
34 silly install resolved        'grunt-contrib-copy': '0.4.x',
34 silly install resolved        'grunt-contrib-cssmin': '0.6.x',
34 silly install resolved        'grunt-contrib-jade': '0.8.x',
34 silly install resolved        'grunt-contrib-uglify': '0.2.x',
34 silly install resolved        'grunt-sass': '^0.18.1',
34 silly install resolved        'grunt-contrib-concat': '^0.5.0',
34 silly install resolved        'grunt-contrib-compress': '^0.12.0',
34 silly install resolved        'grunt-contrib-watch': '^0.5.3',
34 silly install resolved        'grunt-concurrent': '^1.0.0',
34 silly install resolved        'grunt-notify': '^0.4.1',
34 silly install resolved        'grunt-text-replace': '^0.4.0',
34 silly install resolved        'grunt-rename': '^0.1.4',
34 silly install resolved        'grunt-remove-logging': '^0.2.0' },
34 silly install resolved     files:
34 silly install resolved      [ 'bin/materialize.css',
34 silly install resolved        'bin/materialize.js',
34 silly install resolved        'font/material-design-icons/Material-Design-Icons.eot',
34 silly install resolved        'font/material-design-icons/Material-Design-Icons.svg',
34 silly install resolved        'font/material-design-icons/Material-Design-Icons.ttf',
34 silly install resolved        'font/material-design-icons/Material-Design-Icons.woff',
34 silly install resolved        'font/material-design-icons/Material-Design-Icons.woff2',
34 silly install resolved        'font/roboto/Roboto-Bold.ttf',
34 silly install resolved        'font/roboto/Roboto-Bold.woff',
34 silly install resolved        'font/roboto/Roboto-Bold.woff2',
34 silly install resolved        'font/roboto/Roboto-Light.ttf',
34 silly install resolved        'font/roboto/Roboto-Light.woff',
34 silly install resolved        'font/roboto/Roboto-Light.woff2',
34 silly install resolved        'font/roboto/Roboto-Medium.ttf',
34 silly install resolved        'font/roboto/Roboto-Medium.woff',
34 silly install resolved        'font/roboto/Roboto-Medium.woff2',
34 silly install resolved        'font/roboto/Roboto-Regular.ttf',
34 silly install resolved        'font/roboto/Roboto-Regular.woff',
34 silly install resolved        'font/roboto/Roboto-Regular.woff2',
34 silly install resolved        'font/roboto/Roboto-Thin.ttf',
34 silly install resolved        'font/roboto/Roboto-Thin.woff',
34 silly install resolved        'font/roboto/Roboto-Thin.woff2' ],
34 silly install resolved     gitHead: '636b034c1e7a404375e58dc0818bff0cc7b76529',
34 silly install resolved     bugs: { url: 'https://github.com/Dogfalo/materialize/issues' },
34 silly install resolved     homepage: 'https://github.com/Dogfalo/materialize',
34 silly install resolved     _id: 'materialize-css@0.96.1',
34 silly install resolved     scripts: {},
34 silly install resolved     _shasum: '5c854dfbb1b6656e9f935936fdddfb2d57134c46',
34 silly install resolved     _from: 'materialize-css@*',
34 silly install resolved     _npmVersion: '2.7.4',
34 silly install resolved     _nodeVersion: '0.12.2',
34 silly install resolved     _npmUser: { name: 'materialize', email: 'materializeframework@gmail.com' },
34 silly install resolved     maintainers: [ [Object] ],
34 silly install resolved     dist:
34 silly install resolved      { shasum: '5c854dfbb1b6656e9f935936fdddfb2d57134c46',
34 silly install resolved        tarball: 'http://registry.npmjs.org/materialize-css/-/materialize-css-0.96.1.tgz' },
34 silly install resolved     directories: {},
34 silly install resolved     _resolved: 'https://registry.npmjs.org/materialize-css/-/materialize-css-0.96.1.tgz',
34 silly install resolved     readme: 'ERROR: No README data found!' } ]
35 info install materialize-css@0.96.1 into /Users/mac/Documents/PROYECTOS/KMEDIA/FUCS/fucsapp/www
36 info installOne materialize-css@0.96.1
37 verbose installOne of materialize-css to /Users/mac/Documents/PROYECTOS/KMEDIA/FUCS/fucsapp/www not in flight; installing
38 warn locking Error: EACCES, open '/Users/mac/.npm/_locks/materialize-css-778664502ad6b17c.lock'
38 warn locking     at Error (native)
38 warn locking  /Users/mac/.npm/_locks/materialize-css-778664502ad6b17c.lock failed { [Error: EACCES, open '/Users/mac/.npm/_locks/materialize-css-778664502ad6b17c.lock']
38 warn locking   errno: -13,
38 warn locking   code: 'EACCES',
38 warn locking   path: '/Users/mac/.npm/_locks/materialize-css-778664502ad6b17c.lock' }
39 verbose stack Error: Attempt to unlock /Users/mac/Documents/PROYECTOS/KMEDIA/FUCS/fucsapp/www/node_modules/materialize-css, which hasn't been locked
39 verbose stack     at unlock (/usr/local/lib/node_modules/npm/lib/utils/locker.js:66:11)
39 verbose stack     at cb (/usr/local/lib/node_modules/npm/lib/install.js:929:5)
39 verbose stack     at /usr/local/lib/node_modules/npm/lib/install.js:933:20
39 verbose stack     at /usr/local/lib/node_modules/npm/lib/utils/locker.js:40:9
39 verbose stack     at cb (/usr/local/lib/node_modules/npm/node_modules/lockfile/lockfile.js:149:38)
39 verbose stack     at /usr/local/lib/node_modules/npm/node_modules/lockfile/lockfile.js:177:38
39 verbose stack     at FSReqWrap.oncomplete (fs.js:99:15)
40 verbose cwd /Users/mac/Documents/PROYECTOS/KMEDIA/FUCS/fucsapp/www
41 error Darwin 14.5.0
42 error argv "node" "/usr/local/bin/npm" "install" "materialize-css"
43 error node v0.12.0
44 error npm  v2.5.1
45 error Attempt to unlock /Users/mac/Documents/PROYECTOS/KMEDIA/FUCS/fucsapp/www/node_modules/materialize-css, which hasn't been locked
46 error If you need help, you may report this error at:
46 error     <http://github.com/npm/npm/issues>
47 verbose exit [ 1, true ]
